
﻿
﻿  Player.cpp
c:\_projects\gamedev\textbased_group_rpg\space_escape\space_escape\player.cpp(37): warning C4552: '-': result of expression not used
  space_escape.vcxproj -> C:\_Projects\GameDev\textBased_group_RPG\space_escape\Debug\space_escape.exe


﻿  space_escape.cpp
d:\game dev\c++\grourpg\textbased_group_rpg\space_escape\space_escape\space_escape.cpp(35): error C2001: newline in constant
d:\game dev\c++\grourpg\textbased_group_rpg\space_escape\space_escape\space_escape.cpp(36): error C2065: '____': undeclared identifier
d:\game dev\c++\grourpg\textbased_group_rpg\space_escape\space_escape\space_escape.cpp(36): error C2059: syntax error: '|'
d:\game dev\c++\grourpg\textbased_group_rpg\space_escape\space_escape\space_escape.cpp(38): error C2017: illegal escape sequence
d:\game dev\c++\grourpg\textbased_group_rpg\space_escape\space_escape\space_escape.cpp(38): warning C4129: ' ': unrecognized character escape sequence
d:\game dev\c++\grourpg\textbased_group_rpg\space_escape\space_escape\space_escape.cpp(38): error C2015: too many characters in constant
d:\game dev\c++\grourpg\textbased_group_rpg\space_escape\space_escape\space_escape.cpp(39): error C2059: syntax error: ')'
d:\game dev\c++\grourpg\textbased_group_rpg\space_escape\space_escape\space_escape.cpp(39): error C2017: illegal escape sequence
d:\game dev\c++\grourpg\textbased_group_rpg\space_escape\space_escape\space_escape.cpp(40): error C2017: illegal escape sequence
d:\game dev\c++\grourpg\textbased_group_rpg\space_escape\space_escape\space_escape.cpp(44): error C2001: newline in constant
d:\game dev\c++\grourpg\textbased_group_rpg\space_escape\space_escape\space_escape.cpp(46): error C2143: syntax error: missing ')' before ';'

﻿  Fight.cpp
  space_escape.vcxproj -> D:\Game Dev\C++\ASSIGNMENT\textBased_group_RPG\space_escape\Debug\space_escape.exe


﻿  Guards.cpp
  Map.cpp
  Generating Code...
c:\_projects\gamedev\textbased_group_rpg\space_escape\space_escape\map.cpp(32): warning C4715: 'Map::MapIndex': not all control paths return a value
LINK : fatal error LNK1104: cannot open file 'C:\_Projects\GameDev\textBased_group_RPG\space_escape\Debug\space_escape.exe'
﻿  space_escape.vcxproj -> C:\Users\Dylan\Desktop\GameDev\Projects\textBased_group_RPG\space_escape\Debug\space_escape.exe

